#-----------------------------------------------------------
# Vivado v2018.3 (64-bit)
# SW Build 2405991 on Thu Dec  6 23:38:27 MST 2018
# IP Build 2404404 on Fri Dec  7 01:43:56 MST 2018
# Start of session at: Sun Oct  1 15:29:20 2023
# Process ID: 8164
# Current directory: D:/workspace/xilinx/ebaz
# Command line: vivado.exe -gui_launcher_event rodinguilauncherevent15520 D:\workspace\xilinx\ebaz\ebaz.xpr
# Log file: D:/workspace/xilinx/ebaz/vivado.log
# Journal file: D:/workspace/xilinx/ebaz\vivado.jou
#-----------------------------------------------------------
start_gui
open_project D:/workspace/xilinx/ebaz/ebaz.xpr
Scanning sources...
Finished scanning sources
INFO: [IP_Flow 19-234] Refreshing IP repositories
INFO: [IP_Flow 19-1700] Loaded user IP repository 'd:/workspace/xilinx/ip_repo/PS_PL_REG_1.0'.
INFO: [IP_Flow 19-2313] Loaded Vivado IP repository 'D:/Program/Xilinx/Vivado/2018.3/data/ip'.
open_project: Time (s): cpu = 00:00:13 ; elapsed = 00:00:08 . Memory (MB): peak = 818.055 ; gain = 187.824
update_compile_order -fileset sources_1
open_bd_design {D:/workspace/xilinx/ebaz/ebaz.srcs/sources_1/bd/zynq/zynq.bd}
Adding cell -- xilinx.com:ip:processing_system7:5.5 - processing_system7_0
Adding cell -- xilinx.com:module_ref:BEEP_MODULE:1.0 - BEEP_MODULE_0
Adding cell -- xilinx.com:ip:xlconcat:2.1 - xlconcat_0
Adding cell -- xilinx.com:ip:xlslice:1.0 - xlslice_0
Adding cell -- xilinx.com:ip:xlslice:1.0 - xlslice_1
Adding cell -- xilinx.com:ip:xlslice:1.0 - xlslice_2
Adding cell -- xilinx.com:ip:xlslice:1.0 - xlslice_3
Adding cell -- xilinx.com:ip:xlslice:1.0 - xlslice_5
Adding cell -- xilinx.com:ip:xlslice:1.0 - xlslice_6
Adding cell -- xilinx.com:ip:axi_gpio:2.0 - axi_gpio_0
Adding cell -- xilinx.com:ip:axi_interconnect:2.1 - ps7_0_axi_periph
Adding cell -- xilinx.com:ip:axi_protocol_converter:2.1 - auto_pc
Adding cell -- xilinx.com:ip:proc_sys_reset:5.0 - rst_ps7_0_50M
Successfully read diagram <zynq> from BD file <D:/workspace/xilinx/ebaz/ebaz.srcs/sources_1/bd/zynq/zynq.bd>
exit
INFO: [Common 17-206] Exiting Vivado at Sun Oct  1 15:30:14 2023...
