#-----------------------------------------------------------
# Webtalk v2018.3 (64-bit)
# SW Build 2405991 on Thu Dec  6 23:38:27 MST 2018
# 
# Start of session at: Thu May 25 01:26:05 2023
# Process ID: 4524
# Current directory: D:/workspace/xilinx/ebaz/ebaz.sdk/webtalk
# Command line: wbtcv.exe -mode batch -source sdk_webtalk.tcl
# Log file: D:/workspace/xilinx/ebaz/ebaz.sdk/webtalk/webtalk.log
# Journal file: D:/workspace/xilinx/ebaz/ebaz.sdk/webtalk\webtalk.jou
#-----------------------------------------------------------
source sdk_webtalk.tcl
# webtalk_init -webtalk_dir D:\\workspace\\xilinx\\ebaz\\ebaz.sdk\\webtalk
# webtalk_register_client -client project
# webtalk_add_data -client project -key date_generated -value "2023-05-25 01:26:04" -context "software_version_and_target_device"
# webtalk_add_data -client project -key product_version -value "SDK v2018.3" -context "software_version_and_target_device"
# webtalk_add_data -client project -key build_version -value "2018.3" -context "software_version_and_target_device"
# webtalk_add_data -client project -key os_platform -value "amd64" -context "software_version_and_target_device"
# webtalk_add_data -client project -key registration_id -value "" -context "software_version_and_target_device"
# webtalk_add_data -client project -key tool_flow -value "SDK" -context "software_version_and_target_device"
# webtalk_add_data -client project -key beta -value "false" -context "software_version_and_target_device"
# webtalk_add_data -client project -key route_design -value "NA" -context "software_version_and_target_device"
# webtalk_add_data -client project -key target_family -value "NA" -context "software_version_and_target_device"
# webtalk_add_data -client project -key target_device -value "NA" -context "software_version_and_target_device"
# webtalk_add_data -client project -key target_package -value "NA" -context "software_version_and_target_device"
# webtalk_add_data -client project -key target_speed -value "NA" -context "software_version_and_target_device"
# webtalk_add_data -client project -key random_id -value "nso2ujp9r5shaqaufkh49v4276" -context "software_version_and_target_device"
# webtalk_add_data -client project -key project_id -value "2018.3_5" -context "software_version_and_target_device"
# webtalk_add_data -client project -key project_iteration -value "5" -context "software_version_and_target_device"
# webtalk_add_data -client project -key os_name -value "Microsoft Windows 8 or later , 64-bit" -context "user_environment"
# webtalk_add_data -client project -key os_release -value "major release  (build 9200)" -context "user_environment"
# webtalk_add_data -client project -key cpu_name -value "AMD Ryzen 5 4600H with Radeon Graphics         " -context "user_environment"
# webtalk_add_data -client project -key cpu_speed -value "2994 MHz" -context "user_environment"
# webtalk_add_data -client project -key total_processors -value "2" -context "user_environment"
# webtalk_add_data -client project -key system_ram -value "16.506 GB" -context "user_environment"
# webtalk_register_client -client sdk
# webtalk_add_data -client sdk -key uid -value "1684948210215" -context "sdk\\\\bsp/1684948210215"
# webtalk_add_data -client sdk -key hwid -value "1684763883012" -context "sdk\\\\bsp/1684948210215"
# webtalk_add_data -client sdk -key os -value "standalone" -context "sdk\\\\bsp/1684948210215"
# webtalk_add_data -client sdk -key apptemplate -value "zynq_fsbl" -context "sdk\\\\bsp/1684948210215"
# webtalk_add_data -client sdk -key RecordType -value "BSPCreation" -context "sdk\\\\bsp/1684948210215"
# webtalk_add_data -client sdk -key uid -value "1684948216816" -context "sdk\\\\application/1684948216816"
# webtalk_add_data -client sdk -key hwid -value "1684763883012" -context "sdk\\\\application/1684948216816"
# webtalk_add_data -client sdk -key bspid -value "1684948210215" -context "sdk\\\\application/1684948216816"
# webtalk_add_data -client sdk -key newbsp -value "true" -context "sdk\\\\application/1684948216816"
# webtalk_add_data -client sdk -key os -value "standalone" -context "sdk\\\\application/1684948216816"
# webtalk_add_data -client sdk -key apptemplate -value "zynq_fsbl" -context "sdk\\\\application/1684948216816"
# webtalk_add_data -client sdk -key RecordType -value "APPCreation" -context "sdk\\\\application/1684948216816"
# webtalk_add_data -client sdk -key LangUsed -value "C" -context "sdk\\\\application/1684948216816"
# webtalk_add_data -client sdk -key Procused -value "ps7_cortexa9" -context "sdk\\\\application/1684948216816"
# webtalk_add_data -client sdk -key projSize -value "482.6953125" -context "sdk\\\\application/1684948216816"
# webtalk_add_data -client sdk -key uid -value "NA" -context "sdk\\\\bsp/1684949164245"
# webtalk_add_data -client sdk -key RecordType -value "ToolUsage" -context "sdk\\\\bsp/1684949164245"
# webtalk_add_data -client sdk -key BootgenCount -value "1" -context "sdk\\\\bsp/1684949164245"
# webtalk_add_data -client sdk -key DebugCount -value "0" -context "sdk\\\\bsp/1684949164245"
# webtalk_add_data -client sdk -key PerfCount -value "0" -context "sdk\\\\bsp/1684949164245"
# webtalk_add_data -client sdk -key FlashCount -value "1" -context "sdk\\\\bsp/1684949164245"
# webtalk_add_data -client sdk -key CrossTriggCount -value "0" -context "sdk\\\\bsp/1684949164245"
# webtalk_add_data -client sdk -key QemuDebugCount -value "0" -context "sdk\\\\bsp/1684949164245"
# webtalk_transmit -clientid 3369484677 -regid "" -xml D:\\workspace\\xilinx\\ebaz\\ebaz.sdk\\webtalk\\usage_statistics_ext_sdk.xml -html D:\\workspace\\xilinx\\ebaz\\ebaz.sdk\\webtalk\\usage_statistics_ext_sdk.html -wdm D:\\workspace\\xilinx\\ebaz\\ebaz.sdk\\webtalk\\sdk_webtalk.wdm -intro "<H3>SDK Usage Report</H3><BR>"
# webtalk_terminate
INFO: [Common 17-206] Exiting Webtalk at Thu May 25 01:26:08 2023...
