#-----------------------------------------------------------
# Webtalk v2018.3 (64-bit)
# SW Build 2405991 on Thu Dec  6 23:38:27 MST 2018
# 
# Start of session at: Tue May 23 01:42:29 2023
# Process ID: 2924
# Current directory: D:/workspace/xilinx/ebaz/ebaz.sdk/webtalk
# Command line: wbtcv.exe -mode batch -source sdk_webtalk.tcl
# Log file: D:/workspace/xilinx/ebaz/ebaz.sdk/webtalk/webtalk.log
# Journal file: D:/workspace/xilinx/ebaz/ebaz.sdk/webtalk\webtalk.jou
#-----------------------------------------------------------
source sdk_webtalk.tcl
# webtalk_init -webtalk_dir D:\\workspace\\xilinx\\ebaz\\ebaz.sdk\\webtalk
# webtalk_register_client -client project
# webtalk_add_data -client project -key date_generated -value "2023-05-23 01:42:27" -context "software_version_and_target_device"
# webtalk_add_data -client project -key product_version -value "SDK v2018.3" -context "software_version_and_target_device"
# webtalk_add_data -client project -key build_version -value "2018.3" -context "software_version_and_target_device"
# webtalk_add_data -client project -key os_platform -value "amd64" -context "software_version_and_target_device"
# webtalk_add_data -client project -key registration_id -value "" -context "software_version_and_target_device"
# webtalk_add_data -client project -key tool_flow -value "SDK" -context "software_version_and_target_device"
# webtalk_add_data -client project -key beta -value "false" -context "software_version_and_target_device"
# webtalk_add_data -client project -key route_design -value "NA" -context "software_version_and_target_device"
# webtalk_add_data -client project -key target_family -value "NA" -context "software_version_and_target_device"
# webtalk_add_data -client project -key target_device -value "NA" -context "software_version_and_target_device"
# webtalk_add_data -client project -key target_package -value "NA" -context "software_version_and_target_device"
# webtalk_add_data -client project -key target_speed -value "NA" -context "software_version_and_target_device"
# webtalk_add_data -client project -key random_id -value "nps8adenqmb9l32611pre3r5d" -context "software_version_and_target_device"
# webtalk_add_data -client project -key project_id -value "2018.3_3" -context "software_version_and_target_device"
# webtalk_add_data -client project -key project_iteration -value "3" -context "software_version_and_target_device"
# webtalk_add_data -client project -key os_name -value "Microsoft Windows 8 or later , 64-bit" -context "user_environment"
# webtalk_add_data -client project -key os_release -value "major release  (build 9200)" -context "user_environment"
# webtalk_add_data -client project -key cpu_name -value "AMD Ryzen 5 4600H with Radeon Graphics         " -context "user_environment"
# webtalk_add_data -client project -key cpu_speed -value "2994 MHz" -context "user_environment"
# webtalk_add_data -client project -key total_processors -value "2" -context "user_environment"
# webtalk_add_data -client project -key system_ram -value "16.506 GB" -context "user_environment"
# webtalk_register_client -client sdk
# webtalk_add_data -client sdk -key uid -value "1684763883012" -context "sdk\\\\hardware/1684763883012"
# webtalk_add_data -client sdk -key isZynq -value "true" -context "sdk\\\\hardware/1684763883012"
# webtalk_add_data -client sdk -key isZynqMP -value "false" -context "sdk\\\\hardware/1684763883012"
# webtalk_add_data -client sdk -key Processors -value "2" -context "sdk\\\\hardware/1684763883012"
# webtalk_add_data -client sdk -key VivadoVersion -value "2018.3" -context "sdk\\\\hardware/1684763883012"
# webtalk_add_data -client sdk -key Arch -value "zynq" -context "sdk\\\\hardware/1684763883012"
# webtalk_add_data -client sdk -key Device -value "7z010" -context "sdk\\\\hardware/1684763883012"
# webtalk_add_data -client sdk -key IsHandoff -value "true" -context "sdk\\\\hardware/1684763883012"
# webtalk_add_data -client sdk -key os -value "NA" -context "sdk\\\\hardware/1684763883012"
# webtalk_add_data -client sdk -key apptemplate -value "NA" -context "sdk\\\\hardware/1684763883012"
# webtalk_add_data -client sdk -key RecordType -value "HWCreation" -context "sdk\\\\hardware/1684763883012"
# webtalk_add_data -client sdk -key uid -value "1684763926990" -context "sdk\\\\bsp/1684763926990"
# webtalk_add_data -client sdk -key hwid -value "1684763883012" -context "sdk\\\\bsp/1684763926990"
# webtalk_add_data -client sdk -key os -value "standalone" -context "sdk\\\\bsp/1684763926990"
# webtalk_add_data -client sdk -key apptemplate -value "empty_application" -context "sdk\\\\bsp/1684763926990"
# webtalk_add_data -client sdk -key RecordType -value "BSPCreation" -context "sdk\\\\bsp/1684763926990"
# webtalk_add_data -client sdk -key uid -value "1684763929563" -context "sdk\\\\application/1684763929563"
# webtalk_add_data -client sdk -key hwid -value "1684763883012" -context "sdk\\\\application/1684763929563"
# webtalk_add_data -client sdk -key bspid -value "1684763926990" -context "sdk\\\\application/1684763929563"
# webtalk_add_data -client sdk -key newbsp -value "true" -context "sdk\\\\application/1684763929563"
# webtalk_add_data -client sdk -key os -value "standalone" -context "sdk\\\\application/1684763929563"
# webtalk_add_data -client sdk -key apptemplate -value "empty_application" -context "sdk\\\\application/1684763929563"
# webtalk_add_data -client sdk -key RecordType -value "APPCreation" -context "sdk\\\\application/1684763929563"
# webtalk_add_data -client sdk -key LangUsed -value "C" -context "sdk\\\\application/1684763929563"
# webtalk_add_data -client sdk -key Procused -value "ps7_cortexa9" -context "sdk\\\\application/1684763929563"
# webtalk_add_data -client sdk -key projSize -value "357.56640625" -context "sdk\\\\application/1684763929563"
# webtalk_add_data -client sdk -key uid -value "1684764125595" -context "sdk\\\\bsp/1684764125595"
# webtalk_add_data -client sdk -key hwid -value "1684763883012" -context "sdk\\\\bsp/1684764125595"
# webtalk_add_data -client sdk -key os -value "standalone" -context "sdk\\\\bsp/1684764125595"
# webtalk_add_data -client sdk -key apptemplate -value "empty_application" -context "sdk\\\\bsp/1684764125595"
# webtalk_add_data -client sdk -key RecordType -value "BSPCreation" -context "sdk\\\\bsp/1684764125595"
# webtalk_add_data -client sdk -key uid -value "1684764127538" -context "sdk\\\\application/1684764127538"
# webtalk_add_data -client sdk -key hwid -value "1684763883012" -context "sdk\\\\application/1684764127538"
# webtalk_add_data -client sdk -key bspid -value "1684764125595" -context "sdk\\\\application/1684764127538"
# webtalk_add_data -client sdk -key newbsp -value "true" -context "sdk\\\\application/1684764127538"
# webtalk_add_data -client sdk -key os -value "standalone" -context "sdk\\\\application/1684764127538"
# webtalk_add_data -client sdk -key apptemplate -value "empty_application" -context "sdk\\\\application/1684764127538"
# webtalk_add_data -client sdk -key RecordType -value "APPCreation" -context "sdk\\\\application/1684764127538"
# webtalk_add_data -client sdk -key LangUsed -value "C" -context "sdk\\\\application/1684764127538"
# webtalk_add_data -client sdk -key Procused -value "ps7_cortexa9" -context "sdk\\\\application/1684764127538"
# webtalk_add_data -client sdk -key uid -value "NA" -context "sdk\\\\bsp/1684777347981"
# webtalk_add_data -client sdk -key RecordType -value "ToolUsage" -context "sdk\\\\bsp/1684777347981"
# webtalk_add_data -client sdk -key BootgenCount -value "0" -context "sdk\\\\bsp/1684777347981"
# webtalk_add_data -client sdk -key DebugCount -value "17" -context "sdk\\\\bsp/1684777347981"
# webtalk_add_data -client sdk -key PerfCount -value "1" -context "sdk\\\\bsp/1684777347981"
# webtalk_add_data -client sdk -key FlashCount -value "0" -context "sdk\\\\bsp/1684777347981"
# webtalk_add_data -client sdk -key CrossTriggCount -value "0" -context "sdk\\\\bsp/1684777347981"
# webtalk_add_data -client sdk -key QemuDebugCount -value "0" -context "sdk\\\\bsp/1684777347981"
# webtalk_transmit -clientid 637388602 -regid "" -xml D:\\workspace\\xilinx\\ebaz\\ebaz.sdk\\webtalk\\usage_statistics_ext_sdk.xml -html D:\\workspace\\xilinx\\ebaz\\ebaz.sdk\\webtalk\\usage_statistics_ext_sdk.html -wdm D:\\workspace\\xilinx\\ebaz\\ebaz.sdk\\webtalk\\sdk_webtalk.wdm -intro "<H3>SDK Usage Report</H3><BR>"
# webtalk_terminate
INFO: [Common 17-206] Exiting Webtalk at Tue May 23 01:42:46 2023...
